<?xml version="1.0" encoding="UTF-8"?>
<testsuite name="com.QuizGenerator.controller.InstructorControllerTest" time="0.024" tests="5" errors="0" skipped="0" failures="0">
  <properties>
[...]
</properties>
  <testcase name="testSubMCQAfter" classname="com.QuizGenerator.controller.InstructorControllerTest" time="0.024"/>
  <testcase name="testMakeQuiz" classname="com.QuizGenerator.controller.InstructorControllerTest" time="0"/>
  <testcase name="testStartMakingQuiz2" classname="com.QuizGenerator.controller.InstructorControllerTest" time="0"/>
  <testcase name="testStartMakingQuiz" classname="com.QuizGenerator.controller.InstructorControllerTest" time="0"/>
  <testcase name="testChngQuesIndexAfter" classname="com.QuizGenerator.controller.InstructorControllerTest" time="0"/>
</testsuite>